Running test case from test_case3-1.txt
--------------------------------------------------
db> PUT A 1
PUT A 1 -> stored
db> PUT B 1
PUT B 1 -> stored
db> PUT A (A+1)
PUT A (A+1) -> stored
db> PUT B (B+1)
PUT B (B+1) -> stored
db> GET A
GET A -> 2
db> DEL A
DEL A -> deleted
db> GET B
GET B -> 2
db> DEL B
DEL B -> deleted
db> PUT A 1
PUT A 1 -> stored
db> PUT B 1
PUT B 1 -> stored
db> PUT A (A+1)
PUT A (A+1) -> stored
db> PUT B (B+1)
PUT B (B+1) -> stored
db> GET A
GET A -> 2
db> DEL A
DEL A -> deleted
db> GET B
GET B -> 2
db> DEL B
DEL B -> deleted
db> PUT A 1
PUT A 1 -> stored
db> PUT B 1
PUT B 1 -> stored
db> PUT A (A+1)
PUT A (A+1) -> stored
db> PUT B (B+1)
PUT B (B+1) -> stored
db> GET A
GET A -> 2
db> DEL A
DEL A -> deleted
db> GET B
GET B -> 2
db> DEL B
DEL B -> deleted
db> PUT A 1
PUT A 1 -> stored
db> PUT B 1
PUT B 1 -> stored
db> PUT A (A+1)
PUT A (A+1) -> stored
db> PUT B (B+1)
PUT B (B+1) -> stored
db> GET A
GET A -> 2
db> DEL A
DEL A -> deleted
db> GET B
GET B -> 2
db> DEL B
DEL B -> deleted
db> PUT A 1
PUT A 1 -> stored
db> PUT B 1
PUT B 1 -> stored
db> PUT A (A+1)
PUT A (A+1) -> stored
db> PUT B (B+1)
PUT B (B+1) -> stored
db> GET A
GET A -> 2
db> DEL A
DEL A -> deleted
db> GET B
GET B -> 2
db> DEL B
DEL B -> deleted
db> PUT A 1
PUT A 1 -> stored
db> PUT B 1
PUT B 1 -> stored
db> PUT A (A+1)
PUT A (A+1) -> stored
db> PUT B (B+1)
PUT B (B+1) -> stored
db> GET A
GET A -> 2
db> DEL A
DEL A -> deleted
db> GET B
GET B -> 2
db> DEL B
DEL B -> deleted
db> PUT A 1
PUT A 1 -> stored
db> PUT B 1
PUT B 1 -> stored
db> PUT A (A+1)
PUT A (A+1) -> stored
db> PUT B (B+1)
PUT B (B+1) -> stored
db> GET A
GET A -> 2
db> DEL A
DEL A -> deleted
db> GET B
GET B -> 2
db> DEL B
DEL B -> deleted
db> PUT A 1
PUT A 1 -> stored
db> PUT B 1
PUT B 1 -> stored
db> PUT A (A+1)
PUT A (A+1) -> stored
db> PUT B (B+1)
PUT B (B+1) -> stored
db> GET A
GET A -> 2
db> DEL A
DEL A -> deleted
db> GET B
GET B -> 2
db> DEL B
DEL B -> deleted
db> PUT A 1
PUT A 1 -> stored
db> PUT B 1
PUT B 1 -> stored
db> PUT A (A+1)
PUT A (A+1) -> stored
db> PUT B (B+1)
PUT B (B+1) -> stored
db> GET A
GET A -> 2
db> DEL A
DEL A -> deleted
db> GET B
GET B -> 2
db> DEL B
DEL B -> deleted
db> PUT A 1
PUT A 1 -> stored
db> PUT B 1
PUT B 1 -> stored
db> PUT A (A+1)
PUT A (A+1) -> stored
db> PUT B (B+1)
PUT B (B+1) -> stored
db> GET A
GET A -> 2
db> DEL A
DEL A -> deleted
db> GET B
GET B -> 2
db> DEL B
DEL B -> deleted
